nohup: 忽略输入
/usr/local/lib/python3.11/site-packages/torch/nn/modules/conv.py:543: UserWarning: Using padding='same' with even kernel lengths and odd dilation may require a zero-padded copy of the input be created (Triggered internally at /pytorch/aten/src/ATen/native/Convolution.cpp:1031.)
  return F.conv2d(
设备: cuda
4-折交叉验证, 9 个受试者

Subject 1: 288 trials, 25 channels, 501 time points, labels: [72 72 72 72]

  Fold 1/4
    Fold 1 最佳准确率: 0.6111

  Fold 2/4
    Fold 2 最佳准确率: 0.6667

  Fold 3/4
    Fold 3 最佳准确率: 0.5556

  Fold 4/4
    Fold 4 最佳准确率: 0.6667

受试者 1 平均准确率: 0.6250 ± 0.0461
Subject 2: 288 trials, 25 channels, 501 time points, labels: [72 72 72 72]

  Fold 1/4
    Fold 1 最佳准确率: 0.5972

  Fold 2/4
    Fold 2 最佳准确率: 0.5417

  Fold 3/4
    Fold 3 最佳准确率: 0.5694

  Fold 4/4
    Fold 4 最佳准确率: 0.5278

受试者 2 平均准确率: 0.5590 ± 0.0267
Subject 3: 288 trials, 25 channels, 501 time points, labels: [72 72 72 72]

  Fold 1/4
    Fold 1 最佳准确率: 0.6944

  Fold 2/4
    Fold 2 最佳准确率: 0.6528

  Fold 3/4
    Fold 3 最佳准确率: 0.7361

  Fold 4/4
    Fold 4 最佳准确率: 0.6944

受试者 3 平均准确率: 0.6944 ± 0.0295
Subject 4: 288 trials, 25 channels, 501 time points, labels: [72 72 72 72]

  Fold 1/4
    Fold 1 最佳准确率: 0.5000

  Fold 2/4
    Fold 2 最佳准确率: 0.4306

  Fold 3/4
    Fold 3 最佳准确率: 0.4444

  Fold 4/4
    Fold 4 最佳准确率: 0.4028

受试者 4 平均准确率: 0.4444 ± 0.0354
Subject 5: 288 trials, 25 channels, 501 time points, labels: [72 72 72 72]

  Fold 1/4
    Fold 1 最佳准确率: 0.5417

  Fold 2/4
    Fold 2 最佳准确率: 0.5278

  Fold 3/4
    Fold 3 最佳准确率: 0.4306

  Fold 4/4
    Fold 4 最佳准确率: 0.4028

受试者 5 平均准确率: 0.4757 ± 0.0600
Subject 6: 288 trials, 25 channels, 501 time points, labels: [72 72 72 72]

  Fold 1/4
    Fold 1 最佳准确率: 0.4306

  Fold 2/4
    Fold 2 最佳准确率: 0.4444

  Fold 3/4
    Fold 3 最佳准确率: 0.6806

  Fold 4/4
    Fold 4 最佳准确率: 0.4583

受试者 6 平均准确率: 0.5035 ± 0.1027
Subject 7: 288 trials, 25 channels, 501 time points, labels: [72 72 72 72]

  Fold 1/4
    Fold 1 最佳准确率: 0.6389

  Fold 2/4
    Fold 2 最佳准确率: 0.7361

  Fold 3/4
    Fold 3 最佳准确率: 0.6389

  Fold 4/4
    Fold 4 最佳准确率: 0.6528

受试者 7 平均准确率: 0.6667 ± 0.0405
Subject 8: 288 trials, 25 channels, 501 time points, labels: [72 72 72 72]

  Fold 1/4
    Fold 1 最佳准确率: 0.6944

  Fold 2/4
    Fold 2 最佳准确率: 0.7361

  Fold 3/4
    Fold 3 最佳准确率: 0.7500

  Fold 4/4
    Fold 4 最佳准确率: 0.7361

受试者 8 平均准确率: 0.7292 ± 0.0208
Subject 9: 288 trials, 25 channels, 501 time points, labels: [72 72 72 72]

  Fold 1/4
    Fold 1 最佳准确率: 0.8194

  Fold 2/4
    Fold 2 最佳准确率: 0.8333

  Fold 3/4
    Fold 3 最佳准确率: 0.8333

  Fold 4/4
    Fold 4 最佳准确率: 0.8333

受试者 9 平均准确率: 0.8299 ± 0.0060

==================================================
最终结果
==================================================
受试者 1: 0.6250
受试者 2: 0.5590
受试者 3: 0.6944
受试者 4: 0.4444
受试者 5: 0.4757
受试者 6: 0.5035
受试者 7: 0.6667
受试者 8: 0.7292
受试者 9: 0.8299

平均: 0.6142 ± 0.1213
