nohup: 忽略输入
Subject 1: 288 trials, 25 channels, 501 time points, labels: [72 72 72 72]

训练 EEGNet...
  EEGNet 准确率: 0.6724

训练 DeepConvNet...
Traceback (most recent call last):
  File "/mnt/workspace/bci_eegnet_repro/compare_models.py", line 242, in <module>
    run_comparison()
  File "/mnt/workspace/bci_eegnet_repro/compare_models.py", line 201, in run_comparison
    results['DeepConvNet'] = train_model(deepconv, train_loader, val_loader, device, epochs=100, lr=0.01)
                             ^^^^^^^^^^^^^^^^^^^^^^^^^^^^^^^^^^^^^^^^^^^^^^^^^^^^^^^^^^^^^^^^^^^^^^^^^^^^
  File "/mnt/workspace/bci_eegnet_repro/compare_models.py", line 154, in train_model
    loss = criterion(model(x), y)
                     ^^^^^^^^
  File "/usr/local/lib/python3.11/site-packages/torch/nn/modules/module.py", line 1775, in _wrapped_call_impl
    return self._call_impl(*args, **kwargs)
           ^^^^^^^^^^^^^^^^^^^^^^^^^^^^^^^^
  File "/usr/local/lib/python3.11/site-packages/torch/nn/modules/module.py", line 1786, in _call_impl
    return forward_call(*args, **kwargs)
           ^^^^^^^^^^^^^^^^^^^^^^^^^^^^^
  File "/mnt/workspace/bci_eegnet_repro/compare_models.py", line 72, in forward
    return self.fc(x)
           ^^^^^^^^^^
  File "/usr/local/lib/python3.11/site-packages/torch/nn/modules/module.py", line 1775, in _wrapped_call_impl
    return self._call_impl(*args, **kwargs)
           ^^^^^^^^^^^^^^^^^^^^^^^^^^^^^^^^
  File "/usr/local/lib/python3.11/site-packages/torch/nn/modules/module.py", line 1786, in _call_impl
    return forward_call(*args, **kwargs)
           ^^^^^^^^^^^^^^^^^^^^^^^^^^^^^
  File "/usr/local/lib/python3.11/site-packages/torch/nn/modules/linear.py", line 134, in forward
    return F.linear(input, self.weight, self.bias)
           ^^^^^^^^^^^^^^^^^^^^^^^^^^^^^^^^^^^^^^^
RuntimeError: mat1 and mat2 shapes cannot be multiplied (32x5400 and 6400x4)
